
Showing logs for build [32mcb-kubecd-environment-pr-195-23-j75sx-1[0m stage [32mfrom-build-pack[0m and container [32mstep-credential-initializer-l8zml[0m
{"level":"warn","ts":1586219628.619326,"logger":"fallback-logger","caller":"logging/config.go:69","msg":"Fetch GitHub commit ID from kodata failed: \"ref: refs/heads/0.8.0-**-support-backwards-incompats\" is not a valid GitHub commit ID"}
{"level":"info","ts":1586219628.6214843,"logger":"fallback-logger","caller":"creds-init/main.go:40","msg":"Credentials initialized."}

Showing logs for build [32mcb-kubecd-environment-pr-195-23-j75sx-1[0m stage [32mfrom-build-pack[0m and container [32mstep-working-dir-initializer-xlmjh[0m
{"level":"warn","ts":1586219630.019723,"logger":"fallback-logger","caller":"logging/config.go:69","msg":"Fetch GitHub commit ID from kodata failed: open /var/run/ko/HEAD: no such file or directory"}
{"level":"info","ts":1586219630.0212936,"logger":"fallback-logger","caller":"bash/main.go:64","msg":"Successfully executed command \"sh -c mkdir -p /workspace/source\"; output "}

Showing logs for build [32mcb-kubecd-environment-pr-195-23-j75sx-1[0m stage [32mfrom-build-pack[0m and container [32mstep-place-tools[0m

Showing logs for build [32mcb-kubecd-environment-pr-195-23-j75sx-1[0m stage [32mfrom-build-pack[0m and container [32mstep-git-source-cb-kubecd-environment-pr-195-23-j75sx-4jrc9[0m
{"level":"warn","ts":1586219635.153623,"logger":"fallback-logger","caller":"logging/config.go:69","msg":"Fetch GitHub commit ID from kodata failed: \"ref: refs/heads/0.8.0-**-support-backwards-incompats\" is not a valid GitHub commit ID"}
{"level":"info","ts":1586219636.2197657,"logger":"fallback-logger","caller":"git/git.go:103","msg":"Successfully cloned https://github.com/cb-kubecd/environment-pr-195-23-boot-vault-gke-staging.git @ master in path /workspace/source"}

Showing logs for build [32mcb-kubecd-environment-pr-195-23-j75sx-1[0m stage [32mfrom-build-pack[0m and container [32mstep-git-merge[0m
Using SHAs from PULL_REFS=master:3b60adfa4e21c7c17dbe9b1b4800b7176b9d26fd,1:c3e533432e192efd6bf6abf72fde31632ad6e2c2
DEBUG: LC_ALL=C JX_LOG_LEVEL=error git fetch origin --unshallow c3e533432e192efd6bf6abf72fde31632ad6e2c2: 3b60adfa4e21c7c17dbe9b1b4800b7176b9d26fd:
DEBUG: ran git fetch --unshallow origin c3e533432e192efd6bf6abf72fde31632ad6e2c2: 3b60adfa4e21c7c17dbe9b1b4800b7176b9d26fd: in 
DEBUG: LC_ALL=C JX_LOG_LEVEL=error git branch
DEBUG: JX_LOG_LEVEL=error LC_ALL=C git checkout master
DEBUG: ran git checkout master in 
DEBUG: LC_ALL=C JX_LOG_LEVEL=error git reset --hard 3b60adfa4e21c7c17dbe9b1b4800b7176b9d26fd
DEBUG: ran git reset --hard 3b60adfa4e21c7c17dbe9b1b4800b7176b9d26fd in 
DEBUG: LC_ALL=C JX_LOG_LEVEL=error git clean -fd .
DEBUG: ran clean --force -d . in 
DEBUG: LC_ALL=C JX_LOG_LEVEL=error git merge c3e533432e192efd6bf6abf72fde31632ad6e2c2
DEBUG: ran git merge c3e533432e192efd6bf6abf72fde31632ad6e2c2 in 
DEBUG: LC_ALL=C JX_LOG_LEVEL=error git log --format=%H%x1f%an%x1f%ae%x1f%cn%x1f%ce%x1f%s%n%b%x1e 3b60adfa4e21c7c17dbe9b1b4800b7176b9d26fd..HEAD
Merged SHA c3e533432e192efd6bf6abf72fde31632ad6e2c2 with commit message 'chore: Promote bdd-spring-1586219321 to version 0.0.1' into base branch master

Showing logs for build [32mcb-kubecd-environment-pr-195-23-j75sx-1[0m stage [32mfrom-build-pack[0m and container [32mstep-build-helm-build[0m
WARNING: No $CHART_REPOSITORY defined so using the default value of: http://jenkins-x-chartmuseum:8080
Adding missing Helm repo: storage.googleapis.com https://storage.googleapis.com/chartmuseum.jenkins-x.io
WARNING: No secrets found on "helm/repos" due: reading the secret "helm/repos" from vault: no secret "helm/repos" not found in vault
Read credentials for https://storage.googleapis.com/chartmuseum.jenkins-x.io from vault helm/repos
Successfully added Helm repository storage.googleapis.com.
Adding missing Helm repo: jenkins-x-chartmuseum http://jenkins-x-chartmuseum:8080
WARNING: No secrets found on "helm/repos" due: reading the secret "helm/repos" from vault: no secret "helm/repos" not found in vault
Read credentials for http://jenkins-x-chartmuseum:8080 from vault helm/repos
Successfully added Helm repository jenkins-x-chartmuseum.
WARNING: No $CHART_REPOSITORY defined so using the default value of: http://jenkins-x-chartmuseum:8080
Adding missing Helm repo: chartmuseum.jenkins-x.io http://chartmuseum.jenkins-x.io
WARNING: No secrets found on "helm/repos" due: reading the secret "helm/repos" from vault: no secret "helm/repos" not found in vault
Read credentials for http://chartmuseum.jenkins-x.io from vault helm/repos
Successfully added Helm repository chartmuseum.jenkins-x.io.
